<?xml version="1.0" encoding="UTF-8"?>
<!-- Generated by org.testng.reporters.JUnitXMLReporter -->
<testsuite hostname="DESKTOP-ATOQJFI" ignored="3" name="Test" tests="3" failures="0" timestamp="2020-09-30T01:23:57 PDT" time="123.335" errors="0">
  <testcase name="signup" time="0.0" classname="com.atmecs.blazedemo.testscript.SignupTest">
    <skipped/>
  </testcase> <!-- signup -->
  <testcase name="LoginDetails" time="0.0" classname="com.atmecs.blazedemo.testscript.LoginTest">
    <skipped/>
  </testcase> <!-- LoginDetails -->
  <testcase name="contactTest" time="0.0" classname="com.atmecs.blazedemo.testscript.ContactdetailsTest">
    <skipped/>
  </testcase> <!-- contactTest -->
  <testcase name="@BeforeTest invokeBrowser" time="0.0" classname="com.atmecs.blazedemo.baseclass.BaseClass">
    <ignored/>
  </testcase> <!-- @BeforeTest invokeBrowser -->
  <testcase name="@BeforeTest invokeBrowser" time="0.0" classname="com.atmecs.blazedemo.baseclass.BaseClass">
    <ignored/>
  </testcase> <!-- @BeforeTest invokeBrowser -->
  <testcase name="@BeforeTest invokeBrowser" time="0.0" classname="com.atmecs.blazedemo.baseclass.BaseClass">
    <ignored/>
  </testcase> <!-- @BeforeTest invokeBrowser -->
</testsuite> <!-- Test -->
